{"/Users/rekha/Documents/unit-testing/BookMyShow/src/SeatBooking.ts": {"path":"/Users/rekha/Documents/unit-testing/BookMyShow/src/SeatBooking.ts","statementMap":{"0":{"start":{"line":3,"column":0},"end":{"line":3,"column":47}},"1":{"start":{"line":4,"column":27},"end":{"line":15,"column":1}},"2":{"start":{"line":5,"column":4},"end":{"line":14,"column":null}},"3":{"start":{"line":6,"column":29},"end":{"line":10,"column":null}},"4":{"start":{"line":11,"column":8},"end":{"line":11,"column":null}},"5":{"start":{"line":13,"column":8},"end":{"line":13,"column":null}},"6":{"start":{"line":4,"column":13},"end":{"line":4,"column":27}},"7":{"start":{"line":17,"column":35},"end":{"line":32,"column":1}},"8":{"start":{"line":18,"column":26},"end":{"line":18,"column":54}},"9":{"start":{"line":19,"column":4},"end":{"line":30,"column":null}},"10":{"start":{"line":20,"column":8},"end":{"line":20,"column":null}},"11":{"start":{"line":23,"column":29},"end":{"line":28,"column":null}},"12":{"start":{"line":29,"column":8},"end":{"line":29,"column":null}},"13":{"start":{"line":17,"column":13},"end":{"line":17,"column":35}}},"fnMap":{"0":{"name":"(anonymous_0)","decl":{"start":{"line":4,"column":27},"end":{"line":4,"column":28}},"loc":{"start":{"line":4,"column":93},"end":{"line":15,"column":1}}},"1":{"name":"(anonymous_1)","decl":{"start":{"line":17,"column":35},"end":{"line":17,"column":36}},"loc":{"start":{"line":17,"column":117},"end":{"line":32,"column":1}}}},"branchMap":{"0":{"loc":{"start":{"line":5,"column":4},"end":{"line":14,"column":null}},"type":"if","locations":[{"start":{"line":5,"column":4},"end":{"line":14,"column":null}},{"start":{"line":5,"column":4},"end":{"line":14,"column":null}}]},"1":{"loc":{"start":{"line":19,"column":4},"end":{"line":30,"column":null}},"type":"if","locations":[{"start":{"line":19,"column":4},"end":{"line":30,"column":null}},{"start":{"line":19,"column":4},"end":{"line":30,"column":null}}]},"2":{"loc":{"start":{"line":19,"column":7},"end":{"line":19,"column":21}},"type":"binary-expr","locations":[{"start":{"line":19,"column":7},"end":{"line":19,"column":21}},{"start":{"line":19,"column":25},"end":{"line":19,"column":33}}]}},"s":{"0":1,"1":1,"2":2,"3":1,"4":1,"5":1,"6":1,"7":1,"8":2,"9":2,"10":1,"11":1,"12":1,"13":1},"f":{"0":2,"1":2},"b":{"0":[1,1],"1":[1,1],"2":[2,1]}}
,"/Users/rekha/Documents/unit-testing/BookMyShow/src/constant/constant.ts": {"path":"/Users/rekha/Documents/unit-testing/BookMyShow/src/constant/constant.ts","statementMap":{"0":{"start":{"line":1,"column":13},"end":{"line":1,"column":null}}},"fnMap":{},"branchMap":{},"s":{"0":1},"f":{},"b":{}}
}
